# JRE version: OpenJDK Runtime Environment Corretto-15.0.2.7.1 (15.0.2+7) (build 15.0.2+7)
# Java VM: OpenJDK 64-Bit Server VM Corretto-15.0.2.7.1 (15.0.2+7, mixed mode, sharing, tiered, compressed oops, g1 gc, windows-amd64)
GC Precious Log:
 CPUs: 4 total, 4 available
 Memory: 3452M
 Large Page Support: Disabled
 NUMA Support: Disabled
 Compressed Oops: Enabled (32-bit)
 Heap Region Size: 1M
 Heap Min Capacity: 8M
 Heap Initial Capacity: 54M
 Heap Max Capacity: 864M
 Pre-touch: Disabled
 Parallel Workers: 4
 Concurrent Workers: 1
 Concurrent Refinement Workers: 4
 Periodic GC: Disabled
Heap:
 garbage-first heap   total 66560K, used 13691K [0x00000000ca000000, 0x0000000100000000)
  region size 1024K, 3 young (3072K), 3 survivors (3072K)
 Metaspace       used 18716K, capacity 19050K, committed 19200K, reserved 1067008K
  class space    used 2322K, capacity 2435K, committed 2560K, reserved 1048576K
GC Heap History (11 events):
Event: 0.733 GC heap before
{Heap before GC invocations=0 (full 0):
 garbage-first heap   total 55296K, used 12288K [0x00000000ca000000, 0x0000000100000000)
  region size 1024K, 13 young (13312K), 0 survivors (0K)
 Metaspace       used 5091K, capacity 5221K, committed 5376K, reserved 1056768K
  class space    used 615K, capacity 670K, committed 768K, reserved 1048576K
}
Event: 0.740 GC heap after
{Heap after GC invocations=1 (full 0):
 garbage-first heap   total 55296K, used 6915K [0x00000000ca000000, 0x0000000100000000)
  region size 1024K, 2 young (2048K), 2 survivors (2048K)
 Metaspace       used 5091K, capacity 5221K, committed 5376K, reserved 1056768K
  class space    used 615K, capacity 670K, committed 768K, reserved 1048576K
}
Event: 0.966 GC heap before
{Heap before GC invocations=1 (full 0):
 garbage-first heap   total 55296K, used 15107K [0x00000000ca000000, 0x0000000100000000)
  region size 1024K, 10 young (10240K), 2 survivors (2048K)
 Metaspace       used 6951K, capacity 7136K, committed 7424K, reserved 1056768K
  class space    used 871K, capacity 940K, committed 1024K, reserved 1048576K
}
Event: 0.971 GC heap after
{Heap after GC invocations=2 (full 0):
 garbage-first heap   total 55296K, used 7726K [0x00000000ca000000, 0x0000000100000000)
  region size 1024K, 1 young (1024K), 1 survivors (1024K)
 Metaspace       used 6951K, capacity 7136K, committed 7424K, reserved 1056768K
  class space    used 871K, capacity 940K, committed 1024K, reserved 1048576K
}
Event: 1.180 GC heap before
{Heap before GC invocations=2 (full 0):
 garbage-first heap   total 55296K, used 22062K [0x00000000ca000000, 0x0000000100000000)
  region size 1024K, 16 young (16384K), 1 survivors (1024K)
 Metaspace       used 10615K, capacity 10812K, committed 10880K, reserved 1058816K
  class space    used 1307K, capacity 1375K, committed 1408K, reserved 1048576K
}
Event: 1.182 GC heap after
{Heap after GC invocations=3 (full 0):
 garbage-first heap   total 55296K, used 8626K [0x00000000ca000000, 0x0000000100000000)
  region size 1024K, 2 young (2048K), 2 survivors (2048K)
 Metaspace       used 10615K, capacity 10812K, committed 10880K, reserved 1058816K
  class space    used 1307K, capacity 1375K, committed 1408K, reserved 1048576K
}
Event: 1.525 GC heap before
{Heap before GC invocations=3 (full 0):
 garbage-first heap   total 55296K, used 33202K [0x00000000ca000000, 0x0000000100000000)
  region size 1024K, 26 young (26624K), 2 survivors (2048K)
 Metaspace       used 16487K, capacity 16791K, committed 17024K, reserved 1064960K
  class space    used 1994K, capacity 2073K, committed 2176K, reserved 1048576K
}
Event: 1.532 GC heap after
{Heap after GC invocations=4 (full 0):
 garbage-first heap   total 55296K, used 11358K [0x00000000ca000000, 0x0000000100000000)
  region size 1024K, 4 young (4096K), 4 survivors (4096K)
 Metaspace       used 16487K, capacity 16791K, committed 17024K, reserved 1064960K
  class space    used 1994K, capacity 2073K, committed 2176K, reserved 1048576K
}
Event: 1.817 GC heap before
{Heap before GC invocations=4 (full 0):
 garbage-first heap   total 55296K, used 31838K [0x00000000ca000000, 0x0000000100000000)
  region size 1024K, 24 young (24576K), 4 survivors (4096K)
 Metaspace       used 17388K, capacity 17734K, committed 17920K, reserved 1064960K
  class space    used 2125K, capacity 2237K, committed 2304K, reserved 1048576K
}
Event: 1.827 GC heap after
{Heap after GC invocations=5 (full 0):
 garbage-first heap   total 55296K, used 13010K [0x00000000ca000000, 0x0000000100000000)
  region size 1024K, 2 young (2048K), 2 survivors (2048K)
 Metaspace       used 17388K, capacity 17734K, committed 17920K, reserved 1064960K
  class space    used 2125K, capacity 2237K, committed 2304K, reserved 1048576K
}
Event: 2.143 GC heap before
{Heap before GC invocations=5 (full 0):
 garbage-first heap   total 55296K, used 35538K [0x00000000ca000000, 0x0000000100000000)
  region size 1024K, 24 young (24576K), 2 survivors (2048K)
 Metaspace       used 18716K, capacity 19050K, committed 19200K, reserved 1067008K
  class space    used 2322K, capacity 2435K, committed 2560K, reserved 1048576K
}

